<?xml version="1.0" encoding="UTF-8"?>
<testng-results ignored="0" total="19" passed="19" failed="0" skipped="0">
  <reporter-output>
  </reporter-output>
  <suite started-at="2026-06-06T09:50:15 IST" name="OrangeHRM Suite" finished-at="2026-06-06T09:57:56 IST" duration-ms="460226">
    <groups>
      <group name="cucumber">
        <method signature="AbstractTestNGCucumberTests.runScenario(io.cucumber.testng.PickleWrapper,io.cucumber.testng.FeatureWrapper)[pri:0, instance:runners.TestRunner@477b4cdf]" name="runScenario" class="io.cucumber.testng.AbstractTestNGCucumberTests"/>
      </group> <!-- cucumber -->
    </groups>
    <test started-at="2026-06-06T09:50:15 IST" name="OrangeHRM Tests" finished-at="2026-06-06T09:57:56 IST" duration-ms="460226">
      <class name="runners.TestRunner">
        <test-method is-config="true" signature="setUpClass(org.testng.ITestContext)[pri:0, instance:runners.TestRunner@477b4cdf]" started-at="2026-06-06T09:50:15 IST" name="setUpClass" finished-at="2026-06-06T09:50:16 IST" duration-ms="400" status="PASS">
          <params>
            <param index="0">
              <value>
                <![CDATA[org.testng.TestRunner@23b3afb4]]>
              </value>
            </param>
          </params>
          <reporter-output>
          </reporter-output>
        </test-method> <!-- setUpClass -->
        <test-method signature="runScenario(io.cucumber.testng.PickleWrapper,io.cucumber.testng.FeatureWrapper)[pri:0, instance:runners.TestRunner@477b4cdf]" started-at="2026-06-06T09:50:16 IST" name="runScenario" description="Runs Cucumber Scenarios" data-provider="scenarios" finished-at="2026-06-06T09:50:31 IST" duration-ms="15285" status="PASS">
          <params>
            <param index="0">
              <value>
                <![CDATA["Valid Login"]]>
              </value>
            </param>
            <param index="1">
              <value>
                <![CDATA["OrangeHRM Login"]]>
              </value>
            </param>
          </params>
          <reporter-output>
          </reporter-output>
        </test-method> <!-- runScenario -->
        <test-method signature="runScenario(io.cucumber.testng.PickleWrapper,io.cucumber.testng.FeatureWrapper)[pri:0, instance:runners.TestRunner@477b4cdf]" started-at="2026-06-06T09:50:31 IST" name="runScenario" description="Runs Cucumber Scenarios" data-provider="scenarios" finished-at="2026-06-06T09:50:43 IST" duration-ms="11852" status="PASS">
          <params>
            <param index="0">
              <value>
                <![CDATA["Invalid Username"]]>
              </value>
            </param>
            <param index="1">
              <value>
                <![CDATA["OrangeHRM Login"]]>
              </value>
            </param>
          </params>
          <reporter-output>
          </reporter-output>
        </test-method> <!-- runScenario -->
        <test-method signature="runScenario(io.cucumber.testng.PickleWrapper,io.cucumber.testng.FeatureWrapper)[pri:0, instance:runners.TestRunner@477b4cdf]" started-at="2026-06-06T09:50:43 IST" name="runScenario" description="Runs Cucumber Scenarios" data-provider="scenarios" finished-at="2026-06-06T09:50:55 IST" duration-ms="11718" status="PASS">
          <params>
            <param index="0">
              <value>
                <![CDATA["Invalid Password"]]>
              </value>
            </param>
            <param index="1">
              <value>
                <![CDATA["OrangeHRM Login"]]>
              </value>
            </param>
          </params>
          <reporter-output>
          </reporter-output>
        </test-method> <!-- runScenario -->
        <test-method signature="runScenario(io.cucumber.testng.PickleWrapper,io.cucumber.testng.FeatureWrapper)[pri:0, instance:runners.TestRunner@477b4cdf]" started-at="2026-06-06T09:50:55 IST" name="runScenario" description="Runs Cucumber Scenarios" data-provider="scenarios" finished-at="2026-06-06T09:51:02 IST" duration-ms="7565" status="PASS">
          <params>
            <param index="0">
              <value>
                <![CDATA["Blank Credentials"]]>
              </value>
            </param>
            <param index="1">
              <value>
                <![CDATA["OrangeHRM Login"]]>
              </value>
            </param>
          </params>
          <reporter-output>
          </reporter-output>
        </test-method> <!-- runScenario -->
        <test-method signature="runScenario(io.cucumber.testng.PickleWrapper,io.cucumber.testng.FeatureWrapper)[pri:0, instance:runners.TestRunner@477b4cdf]" started-at="2026-06-06T09:51:02 IST" name="runScenario" description="Runs Cucumber Scenarios" data-provider="scenarios" finished-at="2026-06-06T09:51:10 IST" duration-ms="7683" status="PASS">
          <params>
            <param index="0">
              <value>
                <![CDATA["Verify Login UI"]]>
              </value>
            </param>
            <param index="1">
              <value>
                <![CDATA["OrangeHRM Login"]]>
              </value>
            </param>
          </params>
          <reporter-output>
          </reporter-output>
        </test-method> <!-- runScenario -->
        <test-method signature="runScenario(io.cucumber.testng.PickleWrapper,io.cucumber.testng.FeatureWrapper)[pri:0, instance:runners.TestRunner@477b4cdf]" started-at="2026-06-06T09:51:10 IST" name="runScenario" description="Runs Cucumber Scenarios" data-provider="scenarios" finished-at="2026-06-06T09:51:20 IST" duration-ms="10061" status="PASS">
          <params>
            <param index="0">
              <value>
                <![CDATA["Verify forgot password link navigation"]]>
              </value>
            </param>
            <param index="1">
              <value>
                <![CDATA["OrangeHRM Forgot Password Module"]]>
              </value>
            </param>
          </params>
          <reporter-output>
          </reporter-output>
        </test-method> <!-- runScenario -->
        <test-method signature="runScenario(io.cucumber.testng.PickleWrapper,io.cucumber.testng.FeatureWrapper)[pri:0, instance:runners.TestRunner@477b4cdf]" started-at="2026-06-06T09:51:20 IST" name="runScenario" description="Runs Cucumber Scenarios" data-provider="scenarios" finished-at="2026-06-06T09:52:32 IST" duration-ms="72408" status="PASS">
          <params>
            <param index="0">
              <value>
                <![CDATA["Reset password with valid username"]]>
              </value>
            </param>
            <param index="1">
              <value>
                <![CDATA["OrangeHRM Forgot Password Module"]]>
              </value>
            </param>
          </params>
          <reporter-output>
          </reporter-output>
        </test-method> <!-- runScenario -->
        <test-method signature="runScenario(io.cucumber.testng.PickleWrapper,io.cucumber.testng.FeatureWrapper)[pri:0, instance:runners.TestRunner@477b4cdf]" started-at="2026-06-06T09:52:32 IST" name="runScenario" description="Runs Cucumber Scenarios" data-provider="scenarios" finished-at="2026-06-06T09:52:45 IST" duration-ms="12732" status="PASS">
          <params>
            <param index="0">
              <value>
                <![CDATA["Reset password with invalid username"]]>
              </value>
            </param>
            <param index="1">
              <value>
                <![CDATA["OrangeHRM Forgot Password Module"]]>
              </value>
            </param>
          </params>
          <reporter-output>
          </reporter-output>
        </test-method> <!-- runScenario -->
        <test-method signature="runScenario(io.cucumber.testng.PickleWrapper,io.cucumber.testng.FeatureWrapper)[pri:0, instance:runners.TestRunner@477b4cdf]" started-at="2026-06-06T09:52:45 IST" name="runScenario" description="Runs Cucumber Scenarios" data-provider="scenarios" finished-at="2026-06-06T09:52:59 IST" duration-ms="14313" status="PASS">
          <params>
            <param index="0">
              <value>
                <![CDATA["11. Verify Admin page access after login"]]>
              </value>
            </param>
            <param index="1">
              <value>
                <![CDATA["OrangeHRM Admin Module Scenarios"]]>
              </value>
            </param>
          </params>
          <reporter-output>
          </reporter-output>
        </test-method> <!-- runScenario -->
        <test-method signature="runScenario(io.cucumber.testng.PickleWrapper,io.cucumber.testng.FeatureWrapper)[pri:0, instance:runners.TestRunner@477b4cdf]" started-at="2026-06-06T09:52:59 IST" name="runScenario" description="Runs Cucumber Scenarios" data-provider="scenarios" finished-at="2026-06-06T09:53:14 IST" duration-ms="14862" status="PASS">
          <params>
            <param index="0">
              <value>
                <![CDATA["12. Search user by username"]]>
              </value>
            </param>
            <param index="1">
              <value>
                <![CDATA["OrangeHRM Admin Module Scenarios"]]>
              </value>
            </param>
          </params>
          <reporter-output>
          </reporter-output>
        </test-method> <!-- runScenario -->
        <test-method signature="runScenario(io.cucumber.testng.PickleWrapper,io.cucumber.testng.FeatureWrapper)[pri:0, instance:runners.TestRunner@477b4cdf]" started-at="2026-06-06T09:53:14 IST" name="runScenario" description="Runs Cucumber Scenarios" data-provider="scenarios" finished-at="2026-06-06T09:54:29 IST" duration-ms="74697" status="PASS">
          <params>
            <param index="0">
              <value>
                <![CDATA["13, 14, 15. Complete User Lifecycle (Create, Edit and Delete User)"]]>
              </value>
            </param>
            <param index="1">
              <value>
                <![CDATA["OrangeHRM Admin Module Scenarios"]]>
              </value>
            </param>
          </params>
          <reporter-output>
          </reporter-output>
        </test-method> <!-- runScenario -->
        <test-method signature="runScenario(io.cucumber.testng.PickleWrapper,io.cucumber.testng.FeatureWrapper)[pri:0, instance:runners.TestRunner@477b4cdf]" started-at="2026-06-06T09:54:29 IST" name="runScenario" description="Runs Cucumber Scenarios" data-provider="scenarios" finished-at="2026-06-06T09:54:49 IST" duration-ms="20182" status="PASS">
          <params>
            <param index="0">
              <value>
                <![CDATA["Add New Employee"]]>
              </value>
            </param>
            <param index="1">
              <value>
                <![CDATA["OrangeHRM PIM Module"]]>
              </value>
            </param>
          </params>
          <reporter-output>
          </reporter-output>
        </test-method> <!-- runScenario -->
        <test-method signature="runScenario(io.cucumber.testng.PickleWrapper,io.cucumber.testng.FeatureWrapper)[pri:0, instance:runners.TestRunner@477b4cdf]" started-at="2026-06-06T09:54:49 IST" name="runScenario" description="Runs Cucumber Scenarios" data-provider="scenarios" finished-at="2026-06-06T09:55:03 IST" duration-ms="13329" status="PASS">
          <params>
            <param index="0">
              <value>
                <![CDATA["Search Employee By ID"]]>
              </value>
            </param>
            <param index="1">
              <value>
                <![CDATA["OrangeHRM PIM Module"]]>
              </value>
            </param>
          </params>
          <reporter-output>
          </reporter-output>
        </test-method> <!-- runScenario -->
        <test-method signature="runScenario(io.cucumber.testng.PickleWrapper,io.cucumber.testng.FeatureWrapper)[pri:0, instance:runners.TestRunner@477b4cdf]" started-at="2026-06-06T09:55:03 IST" name="runScenario" description="Runs Cucumber Scenarios" data-provider="scenarios" finished-at="2026-06-06T09:55:20 IST" duration-ms="17292" status="PASS">
          <params>
            <param index="0">
              <value>
                <![CDATA["Edit Employee Details"]]>
              </value>
            </param>
            <param index="1">
              <value>
                <![CDATA["OrangeHRM PIM Module"]]>
              </value>
            </param>
          </params>
          <reporter-output>
          </reporter-output>
        </test-method> <!-- runScenario -->
        <test-method signature="runScenario(io.cucumber.testng.PickleWrapper,io.cucumber.testng.FeatureWrapper)[pri:0, instance:runners.TestRunner@477b4cdf]" started-at="2026-06-06T09:55:20 IST" name="runScenario" description="Runs Cucumber Scenarios" data-provider="scenarios" finished-at="2026-06-06T09:55:54 IST" duration-ms="33852" status="PASS">
          <params>
            <param index="0">
              <value>
                <![CDATA["Upload Employee Picture"]]>
              </value>
            </param>
            <param index="1">
              <value>
                <![CDATA["OrangeHRM PIM Module"]]>
              </value>
            </param>
          </params>
          <reporter-output>
          </reporter-output>
        </test-method> <!-- runScenario -->
        <test-method signature="runScenario(io.cucumber.testng.PickleWrapper,io.cucumber.testng.FeatureWrapper)[pri:0, instance:runners.TestRunner@477b4cdf]" started-at="2026-06-06T09:55:54 IST" name="runScenario" description="Runs Cucumber Scenarios" data-provider="scenarios" finished-at="2026-06-06T09:56:16 IST" duration-ms="22533" status="PASS">
          <params>
            <param index="0">
              <value>
                <![CDATA["Delete Employee"]]>
              </value>
            </param>
            <param index="1">
              <value>
                <![CDATA["OrangeHRM PIM Module"]]>
              </value>
            </param>
          </params>
          <reporter-output>
          </reporter-output>
        </test-method> <!-- runScenario -->
        <test-method signature="runScenario(io.cucumber.testng.PickleWrapper,io.cucumber.testng.FeatureWrapper)[pri:0, instance:runners.TestRunner@477b4cdf]" started-at="2026-06-06T09:56:16 IST" name="runScenario" description="Runs Cucumber Scenarios" data-provider="scenarios" finished-at="2026-06-06T09:57:09 IST" duration-ms="52654" status="PASS">
          <params>
            <param index="0">
              <value>
                <![CDATA["21, 22, 23, 24. Complete My Info Details Lifecycle"]]>
              </value>
            </param>
            <param index="1">
              <value>
                <![CDATA["OrangeHRM My Info Module Scenarios"]]>
              </value>
            </param>
          </params>
          <reporter-output>
          </reporter-output>
        </test-method> <!-- runScenario -->
        <test-method signature="runScenario(io.cucumber.testng.PickleWrapper,io.cucumber.testng.FeatureWrapper)[pri:0, instance:runners.TestRunner@477b4cdf]" started-at="2026-06-06T09:57:09 IST" name="runScenario" description="Runs Cucumber Scenarios" data-provider="scenarios" finished-at="2026-06-06T09:57:31 IST" duration-ms="21813" status="PASS">
          <params>
            <param index="0">
              <value>
                <![CDATA["Verify logout functionality"]]>
              </value>
            </param>
            <param index="1">
              <value>
                <![CDATA["OrangeHRM Logout Module"]]>
              </value>
            </param>
          </params>
          <reporter-output>
          </reporter-output>
        </test-method> <!-- runScenario -->
        <test-method signature="runScenario(io.cucumber.testng.PickleWrapper,io.cucumber.testng.FeatureWrapper)[pri:0, instance:runners.TestRunner@477b4cdf]" started-at="2026-06-06T09:57:31 IST" name="runScenario" description="Runs Cucumber Scenarios" data-provider="scenarios" finished-at="2026-06-06T09:57:56 IST" duration-ms="24915" status="PASS">
          <params>
            <param index="0">
              <value>
                <![CDATA["Verify session termination after logout"]]>
              </value>
            </param>
            <param index="1">
              <value>
                <![CDATA["OrangeHRM Logout Module"]]>
              </value>
            </param>
          </params>
          <reporter-output>
          </reporter-output>
        </test-method> <!-- runScenario -->
        <test-method is-config="true" signature="tearDownClass()[pri:0, instance:runners.TestRunner@477b4cdf]" started-at="2026-06-06T09:57:56 IST" name="tearDownClass" finished-at="2026-06-06T09:57:56 IST" duration-ms="18" status="PASS">
          <reporter-output>
          </reporter-output>
        </test-method> <!-- tearDownClass -->
      </class> <!-- runners.TestRunner -->
    </test> <!-- OrangeHRM Tests -->
  </suite> <!-- OrangeHRM Suite -->
</testng-results>
