<?xml version="1.0" encoding="UTF-8"?>
<testng-results ignored="0" total="19" passed="19" failed="0" skipped="0">
  <reporter-output>
  </reporter-output>
  <suite started-at="2026-06-05T16:16:04 IST" name="OrangeHRM Suite" finished-at="2026-06-05T16:25:55 IST" duration-ms="590856">
    <groups>
      <group name="cucumber">
        <method signature="AbstractTestNGCucumberTests.runScenario(io.cucumber.testng.PickleWrapper,io.cucumber.testng.FeatureWrapper)[pri:0, instance:runners.TestRunner@477b4cdf]" name="runScenario" class="io.cucumber.testng.AbstractTestNGCucumberTests"/>
      </group> <!-- cucumber -->
    </groups>
    <test started-at="2026-06-05T16:16:04 IST" name="OrangeHRM Tests" finished-at="2026-06-05T16:25:55 IST" duration-ms="590856">
      <class name="runners.TestRunner">
        <test-method is-config="true" signature="setUpClass(org.testng.ITestContext)[pri:0, instance:runners.TestRunner@477b4cdf]" started-at="2026-06-05T16:16:04 IST" name="setUpClass" finished-at="2026-06-05T16:16:05 IST" duration-ms="460" status="PASS">
          <params>
            <param index="0">
              <value>
                <![CDATA[org.testng.TestRunner@21f9a305]]>
              </value>
            </param>
          </params>
          <reporter-output>
          </reporter-output>
        </test-method> <!-- setUpClass -->
        <test-method signature="runScenario(io.cucumber.testng.PickleWrapper,io.cucumber.testng.FeatureWrapper)[pri:0, instance:runners.TestRunner@477b4cdf]" started-at="2026-06-05T16:16:05 IST" name="runScenario" description="Runs Cucumber Scenarios" data-provider="scenarios" finished-at="2026-06-05T16:16:25 IST" duration-ms="20433" status="PASS">
          <params>
            <param index="0">
              <value>
                <![CDATA["Valid Login"]]>
              </value>
            </param>
            <param index="1">
              <value>
                <![CDATA["OrangeHRM Login"]]>
              </value>
            </param>
          </params>
          <reporter-output>
          </reporter-output>
        </test-method> <!-- runScenario -->
        <test-method signature="runScenario(io.cucumber.testng.PickleWrapper,io.cucumber.testng.FeatureWrapper)[pri:0, instance:runners.TestRunner@477b4cdf]" started-at="2026-06-05T16:16:25 IST" name="runScenario" description="Runs Cucumber Scenarios" data-provider="scenarios" finished-at="2026-06-05T16:16:37 IST" duration-ms="11996" status="PASS">
          <params>
            <param index="0">
              <value>
                <![CDATA["Invalid Username"]]>
              </value>
            </param>
            <param index="1">
              <value>
                <![CDATA["OrangeHRM Login"]]>
              </value>
            </param>
          </params>
          <reporter-output>
          </reporter-output>
        </test-method> <!-- runScenario -->
        <test-method signature="runScenario(io.cucumber.testng.PickleWrapper,io.cucumber.testng.FeatureWrapper)[pri:0, instance:runners.TestRunner@477b4cdf]" started-at="2026-06-05T16:16:37 IST" name="runScenario" description="Runs Cucumber Scenarios" data-provider="scenarios" finished-at="2026-06-05T16:16:50 IST" duration-ms="12623" status="PASS">
          <params>
            <param index="0">
              <value>
                <![CDATA["Invalid Password"]]>
              </value>
            </param>
            <param index="1">
              <value>
                <![CDATA["OrangeHRM Login"]]>
              </value>
            </param>
          </params>
          <reporter-output>
          </reporter-output>
        </test-method> <!-- runScenario -->
        <test-method signature="runScenario(io.cucumber.testng.PickleWrapper,io.cucumber.testng.FeatureWrapper)[pri:0, instance:runners.TestRunner@477b4cdf]" started-at="2026-06-05T16:16:50 IST" name="runScenario" description="Runs Cucumber Scenarios" data-provider="scenarios" finished-at="2026-06-05T16:17:03 IST" duration-ms="13066" status="PASS">
          <params>
            <param index="0">
              <value>
                <![CDATA["Blank Credentials"]]>
              </value>
            </param>
            <param index="1">
              <value>
                <![CDATA["OrangeHRM Login"]]>
              </value>
            </param>
          </params>
          <reporter-output>
          </reporter-output>
        </test-method> <!-- runScenario -->
        <test-method signature="runScenario(io.cucumber.testng.PickleWrapper,io.cucumber.testng.FeatureWrapper)[pri:0, instance:runners.TestRunner@477b4cdf]" started-at="2026-06-05T16:17:03 IST" name="runScenario" description="Runs Cucumber Scenarios" data-provider="scenarios" finished-at="2026-06-05T16:17:14 IST" duration-ms="10711" status="PASS">
          <params>
            <param index="0">
              <value>
                <![CDATA["Verify Login UI"]]>
              </value>
            </param>
            <param index="1">
              <value>
                <![CDATA["OrangeHRM Login"]]>
              </value>
            </param>
          </params>
          <reporter-output>
          </reporter-output>
        </test-method> <!-- runScenario -->
        <test-method signature="runScenario(io.cucumber.testng.PickleWrapper,io.cucumber.testng.FeatureWrapper)[pri:0, instance:runners.TestRunner@477b4cdf]" started-at="2026-06-05T16:17:14 IST" name="runScenario" description="Runs Cucumber Scenarios" data-provider="scenarios" finished-at="2026-06-05T16:17:24 IST" duration-ms="10250" status="PASS">
          <params>
            <param index="0">
              <value>
                <![CDATA["Verify forgot password link navigation"]]>
              </value>
            </param>
            <param index="1">
              <value>
                <![CDATA["OrangeHRM Forgot Password Module"]]>
              </value>
            </param>
          </params>
          <reporter-output>
          </reporter-output>
        </test-method> <!-- runScenario -->
        <test-method signature="runScenario(io.cucumber.testng.PickleWrapper,io.cucumber.testng.FeatureWrapper)[pri:0, instance:runners.TestRunner@477b4cdf]" started-at="2026-06-05T16:17:24 IST" name="runScenario" description="Runs Cucumber Scenarios" data-provider="scenarios" finished-at="2026-06-05T16:18:35 IST" duration-ms="71299" status="PASS">
          <params>
            <param index="0">
              <value>
                <![CDATA["Reset password with valid username"]]>
              </value>
            </param>
            <param index="1">
              <value>
                <![CDATA["OrangeHRM Forgot Password Module"]]>
              </value>
            </param>
          </params>
          <reporter-output>
          </reporter-output>
        </test-method> <!-- runScenario -->
        <test-method signature="runScenario(io.cucumber.testng.PickleWrapper,io.cucumber.testng.FeatureWrapper)[pri:0, instance:runners.TestRunner@477b4cdf]" started-at="2026-06-05T16:18:35 IST" name="runScenario" description="Runs Cucumber Scenarios" data-provider="scenarios" finished-at="2026-06-05T16:18:56 IST" duration-ms="20662" status="PASS">
          <params>
            <param index="0">
              <value>
                <![CDATA["Reset password with invalid username"]]>
              </value>
            </param>
            <param index="1">
              <value>
                <![CDATA["OrangeHRM Forgot Password Module"]]>
              </value>
            </param>
          </params>
          <reporter-output>
          </reporter-output>
        </test-method> <!-- runScenario -->
        <test-method signature="runScenario(io.cucumber.testng.PickleWrapper,io.cucumber.testng.FeatureWrapper)[pri:0, instance:runners.TestRunner@477b4cdf]" started-at="2026-06-05T16:18:56 IST" name="runScenario" description="Runs Cucumber Scenarios" data-provider="scenarios" finished-at="2026-06-05T16:19:29 IST" duration-ms="33182" status="PASS">
          <params>
            <param index="0">
              <value>
                <![CDATA["11. Verify Admin page access after login"]]>
              </value>
            </param>
            <param index="1">
              <value>
                <![CDATA["OrangeHRM Admin Module Scenarios"]]>
              </value>
            </param>
          </params>
          <reporter-output>
          </reporter-output>
        </test-method> <!-- runScenario -->
        <test-method signature="runScenario(io.cucumber.testng.PickleWrapper,io.cucumber.testng.FeatureWrapper)[pri:0, instance:runners.TestRunner@477b4cdf]" started-at="2026-06-05T16:19:29 IST" name="runScenario" description="Runs Cucumber Scenarios" data-provider="scenarios" finished-at="2026-06-05T16:20:09 IST" duration-ms="39967" status="PASS">
          <params>
            <param index="0">
              <value>
                <![CDATA["12. Search user by username"]]>
              </value>
            </param>
            <param index="1">
              <value>
                <![CDATA["OrangeHRM Admin Module Scenarios"]]>
              </value>
            </param>
          </params>
          <reporter-output>
          </reporter-output>
        </test-method> <!-- runScenario -->
        <test-method signature="runScenario(io.cucumber.testng.PickleWrapper,io.cucumber.testng.FeatureWrapper)[pri:0, instance:runners.TestRunner@477b4cdf]" started-at="2026-06-05T16:20:09 IST" name="runScenario" description="Runs Cucumber Scenarios" data-provider="scenarios" finished-at="2026-06-05T16:21:32 IST" duration-ms="83427" status="PASS">
          <params>
            <param index="0">
              <value>
                <![CDATA["13, 14, 15. Complete User Lifecycle (Create, Edit and Delete User)"]]>
              </value>
            </param>
            <param index="1">
              <value>
                <![CDATA["OrangeHRM Admin Module Scenarios"]]>
              </value>
            </param>
          </params>
          <reporter-output>
          </reporter-output>
        </test-method> <!-- runScenario -->
        <test-method signature="runScenario(io.cucumber.testng.PickleWrapper,io.cucumber.testng.FeatureWrapper)[pri:0, instance:runners.TestRunner@477b4cdf]" started-at="2026-06-05T16:21:32 IST" name="runScenario" description="Runs Cucumber Scenarios" data-provider="scenarios" finished-at="2026-06-05T16:21:56 IST" duration-ms="24125" status="PASS">
          <params>
            <param index="0">
              <value>
                <![CDATA["Add New Employee"]]>
              </value>
            </param>
            <param index="1">
              <value>
                <![CDATA["OrangeHRM PIM Module"]]>
              </value>
            </param>
          </params>
          <reporter-output>
          </reporter-output>
        </test-method> <!-- runScenario -->
        <test-method signature="runScenario(io.cucumber.testng.PickleWrapper,io.cucumber.testng.FeatureWrapper)[pri:0, instance:runners.TestRunner@477b4cdf]" started-at="2026-06-05T16:21:56 IST" name="runScenario" description="Runs Cucumber Scenarios" data-provider="scenarios" finished-at="2026-06-05T16:22:23 IST" duration-ms="26911" status="PASS">
          <params>
            <param index="0">
              <value>
                <![CDATA["Search Employee By ID"]]>
              </value>
            </param>
            <param index="1">
              <value>
                <![CDATA["OrangeHRM PIM Module"]]>
              </value>
            </param>
          </params>
          <reporter-output>
          </reporter-output>
        </test-method> <!-- runScenario -->
        <test-method signature="runScenario(io.cucumber.testng.PickleWrapper,io.cucumber.testng.FeatureWrapper)[pri:0, instance:runners.TestRunner@477b4cdf]" started-at="2026-06-05T16:22:23 IST" name="runScenario" description="Runs Cucumber Scenarios" data-provider="scenarios" finished-at="2026-06-05T16:22:43 IST" duration-ms="19178" status="PASS">
          <params>
            <param index="0">
              <value>
                <![CDATA["Edit Employee Details"]]>
              </value>
            </param>
            <param index="1">
              <value>
                <![CDATA["OrangeHRM PIM Module"]]>
              </value>
            </param>
          </params>
          <reporter-output>
          </reporter-output>
        </test-method> <!-- runScenario -->
        <test-method signature="runScenario(io.cucumber.testng.PickleWrapper,io.cucumber.testng.FeatureWrapper)[pri:0, instance:runners.TestRunner@477b4cdf]" started-at="2026-06-05T16:22:43 IST" name="runScenario" description="Runs Cucumber Scenarios" data-provider="scenarios" finished-at="2026-06-05T16:23:26 IST" duration-ms="43699" status="PASS">
          <params>
            <param index="0">
              <value>
                <![CDATA["Upload Employee Picture"]]>
              </value>
            </param>
            <param index="1">
              <value>
                <![CDATA["OrangeHRM PIM Module"]]>
              </value>
            </param>
          </params>
          <reporter-output>
          </reporter-output>
        </test-method> <!-- runScenario -->
        <test-method signature="runScenario(io.cucumber.testng.PickleWrapper,io.cucumber.testng.FeatureWrapper)[pri:0, instance:runners.TestRunner@477b4cdf]" started-at="2026-06-05T16:23:26 IST" name="runScenario" description="Runs Cucumber Scenarios" data-provider="scenarios" finished-at="2026-06-05T16:23:59 IST" duration-ms="32464" status="PASS">
          <params>
            <param index="0">
              <value>
                <![CDATA["Delete Employee"]]>
              </value>
            </param>
            <param index="1">
              <value>
                <![CDATA["OrangeHRM PIM Module"]]>
              </value>
            </param>
          </params>
          <reporter-output>
          </reporter-output>
        </test-method> <!-- runScenario -->
        <test-method signature="runScenario(io.cucumber.testng.PickleWrapper,io.cucumber.testng.FeatureWrapper)[pri:0, instance:runners.TestRunner@477b4cdf]" started-at="2026-06-05T16:23:59 IST" name="runScenario" description="Runs Cucumber Scenarios" data-provider="scenarios" finished-at="2026-06-05T16:24:57 IST" duration-ms="58547" status="PASS">
          <params>
            <param index="0">
              <value>
                <![CDATA["21, 22, 23, 24. Complete My Info Details Lifecycle"]]>
              </value>
            </param>
            <param index="1">
              <value>
                <![CDATA["OrangeHRM My Info Module Scenarios"]]>
              </value>
            </param>
          </params>
          <reporter-output>
          </reporter-output>
        </test-method> <!-- runScenario -->
        <test-method signature="runScenario(io.cucumber.testng.PickleWrapper,io.cucumber.testng.FeatureWrapper)[pri:0, instance:runners.TestRunner@477b4cdf]" started-at="2026-06-05T16:24:57 IST" name="runScenario" description="Runs Cucumber Scenarios" data-provider="scenarios" finished-at="2026-06-05T16:25:23 IST" duration-ms="25704" status="PASS">
          <params>
            <param index="0">
              <value>
                <![CDATA["Verify logout functionality"]]>
              </value>
            </param>
            <param index="1">
              <value>
                <![CDATA["OrangeHRM Logout Module"]]>
              </value>
            </param>
          </params>
          <reporter-output>
          </reporter-output>
        </test-method> <!-- runScenario -->
        <test-method signature="runScenario(io.cucumber.testng.PickleWrapper,io.cucumber.testng.FeatureWrapper)[pri:0, instance:runners.TestRunner@477b4cdf]" started-at="2026-06-05T16:25:23 IST" name="runScenario" description="Runs Cucumber Scenarios" data-provider="scenarios" finished-at="2026-06-05T16:25:55 IST" duration-ms="32058" status="PASS">
          <params>
            <param index="0">
              <value>
                <![CDATA["Verify session termination after logout"]]>
              </value>
            </param>
            <param index="1">
              <value>
                <![CDATA["OrangeHRM Logout Module"]]>
              </value>
            </param>
          </params>
          <reporter-output>
          </reporter-output>
        </test-method> <!-- runScenario -->
        <test-method is-config="true" signature="tearDownClass()[pri:0, instance:runners.TestRunner@477b4cdf]" started-at="2026-06-05T16:25:55 IST" name="tearDownClass" finished-at="2026-06-05T16:25:55 IST" duration-ms="19" status="PASS">
          <reporter-output>
          </reporter-output>
        </test-method> <!-- tearDownClass -->
      </class> <!-- runners.TestRunner -->
    </test> <!-- OrangeHRM Tests -->
  </suite> <!-- OrangeHRM Suite -->
</testng-results>
