<?xml version="1.0" encoding="UTF-8"?>
<!-- Generated by org.testng.reporters.JUnitReportReporter -->
<testsuite hostname="LAPTOP-AUJT94P8" failures="0" tests="19" name="runners.TestRunner" time="590.302" errors="0" timestamp="2026-06-05T16:25:55 IST" skipped="0">
  <testcase classname="runners.TestRunner" name="runScenario" time="32.464"/>
  <testcase classname="runners.TestRunner" name="runScenario" time="19.178"/>
  <testcase classname="runners.TestRunner" name="runScenario" time="58.547"/>
  <testcase classname="runners.TestRunner" name="runScenario" time="71.299"/>
  <testcase classname="runners.TestRunner" name="runScenario" time="10.250"/>
  <testcase classname="runners.TestRunner" name="runScenario" time="20.662"/>
  <testcase classname="runners.TestRunner" name="runScenario" time="32.058"/>
  <testcase classname="runners.TestRunner" name="runScenario" time="83.427"/>
  <testcase classname="runners.TestRunner" name="runScenario" time="20.433"/>
  <testcase classname="runners.TestRunner" name="runScenario" time="10.711"/>
  <testcase classname="runners.TestRunner" name="runScenario" time="12.623"/>
  <testcase classname="runners.TestRunner" name="runScenario" time="24.125"/>
  <testcase classname="runners.TestRunner" name="runScenario" time="25.704"/>
  <testcase classname="runners.TestRunner" name="runScenario" time="43.699"/>
  <testcase classname="runners.TestRunner" name="runScenario" time="13.066"/>
  <testcase classname="runners.TestRunner" name="runScenario" time="33.182"/>
  <testcase classname="runners.TestRunner" name="runScenario" time="11.996"/>
  <testcase classname="runners.TestRunner" name="runScenario" time="39.967"/>
  <testcase classname="runners.TestRunner" name="runScenario" time="26.911"/>
</testsuite> <!-- runners.TestRunner -->
