<?xml version="1.0" encoding="UTF-8"?>
<!-- Generated by org.testng.reporters.JUnitReportReporter -->
<testsuite hostname="LAPTOP-AUJT94P8" failures="0" tests="19" name="runners.TestRunner" time="459.746" errors="0" timestamp="2026-06-06T09:57:56 IST" skipped="0">
  <testcase classname="runners.TestRunner" name="runScenario" time="74.697"/>
  <testcase classname="runners.TestRunner" name="runScenario" time="21.813"/>
  <testcase classname="runners.TestRunner" name="runScenario" time="10.061"/>
  <testcase classname="runners.TestRunner" name="runScenario" time="72.408"/>
  <testcase classname="runners.TestRunner" name="runScenario" time="13.329"/>
  <testcase classname="runners.TestRunner" name="runScenario" time="52.654"/>
  <testcase classname="runners.TestRunner" name="runScenario" time="20.182"/>
  <testcase classname="runners.TestRunner" name="runScenario" time="17.292"/>
  <testcase classname="runners.TestRunner" name="runScenario" time="12.732"/>
  <testcase classname="runners.TestRunner" name="runScenario" time="22.533"/>
  <testcase classname="runners.TestRunner" name="runScenario" time="14.862"/>
  <testcase classname="runners.TestRunner" name="runScenario" time="24.915"/>
  <testcase classname="runners.TestRunner" name="runScenario" time="15.285"/>
  <testcase classname="runners.TestRunner" name="runScenario" time="7.683"/>
  <testcase classname="runners.TestRunner" name="runScenario" time="11.718"/>
  <testcase classname="runners.TestRunner" name="runScenario" time="7.565"/>
  <testcase classname="runners.TestRunner" name="runScenario" time="14.313"/>
  <testcase classname="runners.TestRunner" name="runScenario" time="33.852"/>
  <testcase classname="runners.TestRunner" name="runScenario" time="11.852"/>
</testsuite> <!-- runners.TestRunner -->
